<?xml version="1.0" encoding="UTF-8"?>
<!-- Generated by org.testng.reporters.JUnitXMLReporter -->
<testsuite ignored="0" hostname="ATMECSINDT-080" failures="0" tests="6" name="Default test" time="24.869" errors="0" timestamp="04 Oct 2019 14:30:54 GMT">
  <testcase classname="com.atmecs.konakart.testbase.InvokeBrowser" name="setup" time="15.787"/>
  <testcase classname="com.atmecs.konakart.testscripts.HeroImagePage" name="clickOnHeroImage" time="4.051"/>
  <testcase classname="com.atmecs.konakart.testscripts.HeroImagePage" name="navigateTabs" time="0.142"/>
  <testcase classname="com.atmecs.konakart.testscripts.HeroImagePage" name="validateContent" time="0.125"/>
  <testcase classname="com.atmecs.konakart.testscripts.HeroImagePage" name="validateSortByNumber" time="2.097"/>
  <testcase classname="com.atmecs.konakart.testscripts.HeroImagePage" name="validateSortByActions" time="2.632"/>
</testsuite> <!-- Default test -->
